[00:24:05] [ServerMain/INFO]: [bootstrap] Running Java 21 (OpenJDK 64-Bit Server VM 21.0.7+6-Ubuntu-0ubuntu120.04; Ubuntu null) on Linux 6.8.0-1027-azure (amd64)
[00:24:05] [ServerMain/INFO]: [bootstrap] Loading Paper 1.21.4-231-ver/1.21.4@09e9afd (2025-05-19T17:59:36Z) for Minecraft 1.21.4
[00:24:05] [ServerMain/INFO]: [PluginInitializerManager] Initializing plugins...
[00:24:08] [ServerMain/INFO]: [PluginInitializerManager] Initialized 2 plugins
[00:24:08] [ServerMain/INFO]: [PluginInitializerManager] Bukkit plugins (2):
 - Geyser-Spigot (2.7.1-SNAPSHOT), floodgate (2.2.4-SNAPSHOT (b116-0e3163c))
[00:24:16] [ServerMain/INFO]: Environment: Environment[sessionHost=https://sessionserver.mojang.com, servicesHost=https://api.minecraftservices.com, name=PROD]
[00:24:18] [ServerMain/INFO]: Loaded 1370 recipes
[00:24:18] [ServerMain/INFO]: Loaded 1481 advancements
[00:24:18] [ServerMain/INFO]: [MCTypeRegistry] Initialising converters for DataConverter...
[00:24:19] [ServerMain/INFO]: [MCTypeRegistry] Finished initialising converters for DataConverter in 296.8ms
[00:24:19] [Server thread/INFO]: Starting minecraft server version 1.21.4
[00:24:19] [Server thread/INFO]: Loading properties
[00:24:19] [Server thread/INFO]: This server is running Paper version 1.21.4-231-ver/1.21.4@09e9afd (2025-05-19T17:59:36Z) (Implementing API version 1.21.4-R0.1-SNAPSHOT)
[00:24:19] [Server thread/INFO]: [spark] This server bundles the spark profiler. For more information please visit https://docs.papermc.io/paper/profiling
[00:24:19] [Server thread/INFO]: Server Ping Player Sample Count: 12
[00:24:19] [Server thread/INFO]: Using 4 threads for Netty based IO
[00:24:20] [Server thread/INFO]: [MoonriseCommon] Paper is using 1 worker threads, 1 I/O threads
[00:24:20] [Server thread/INFO]: [ChunkTaskScheduler] Chunk system is using population gen parallelism: true
[00:24:21] [Server thread/INFO]: Default game type: SURVIVAL
[00:24:21] [Server thread/INFO]: Generating keypair
[00:24:21] [Server thread/INFO]: Starting Minecraft server on *:25565
[00:24:21] [Server thread/INFO]: Using epoll channel type
[00:24:21] [Server thread/INFO]: Paper: Using libdeflate (Linux x86_64) compression from Velocity.
[00:24:21] [Server thread/INFO]: Paper: Using OpenSSL 1.1.x (Linux x86_64) cipher from Velocity.
[00:24:21] [Server thread/INFO]: [floodgate] Loading server plugin floodgate v2.2.4-SNAPSHOT (b116-0e3163c)
[00:24:23] [Server thread/WARN]: [floodgate] en_ is not a supported Floodgate language.
[00:24:23] [Server thread/INFO]: [floodgate] Took 1,453ms to boot Floodgate
[00:24:23] [Server thread/INFO]: [Geyser-Spigot] Loading server plugin Geyser-Spigot v2.7.1-SNAPSHOT
[00:24:23] [Server thread/INFO]: [Geyser-Spigot] Loading extensions...
[00:24:23] [Server thread/INFO]: [Geyser-Spigot] Loaded 0 extension(s)
[00:24:23] [Server thread/INFO]: Server permissions file permissions.yml is empty, ignoring it
[00:24:23] [Server thread/WARN]: **** SERVER IS RUNNING IN OFFLINE/INSECURE MODE!
[00:24:23] [Server thread/WARN]: The server will make no attempt to authenticate usernames. Beware.
[00:24:23] [Server thread/WARN]: While this makes the game possible to play without internet access, it also opens up the ability for hackers to connect with any username they choose.
[00:24:23] [Server thread/WARN]: To change this, set "online-mode" to "true" in the server.properties file.
[00:24:23] [Server thread/INFO]: Preparing level "world"
[00:24:24] [Server thread/INFO]: Preparing start region for dimension minecraft:overworld
[00:24:24] [Server thread/INFO]: Preparing spawn area: 0%
[00:24:24] [Server thread/INFO]: Preparing spawn area: 0%
[00:24:25] [Server thread/INFO]: Preparing spawn area: 16%
[00:24:26] [Server thread/INFO]: Preparing spawn area: 71%
[00:24:26] [Server thread/INFO]: Time elapsed: 1628 ms
[00:24:26] [Server thread/INFO]: Preparing start region for dimension minecraft:the_nether
[00:24:26] [Server thread/INFO]: Preparing spawn area: 0%
[00:24:26] [Server thread/INFO]: Time elapsed: 500 ms
[00:24:26] [Server thread/INFO]: Preparing start region for dimension minecraft:the_end
[00:24:26] [Server thread/INFO]: Preparing spawn area: 0%
[00:24:26] [Server thread/INFO]: Time elapsed: 334 ms
[00:24:26] [Server thread/INFO]: [floodgate] Enabling floodgate v2.2.4-SNAPSHOT (b116-0e3163c)
[00:24:27] [Server thread/INFO]: [Geyser-Spigot] Enabling Geyser-Spigot v2.7.1-SNAPSHOT
[00:24:28] [Server thread/INFO]: [spark] Starting background profiler...
[00:24:29] [Server thread/INFO]: [Geyser-Spigot] ******************************************
[00:24:29] [Server thread/INFO]: [Geyser-Spigot] 
[00:24:29] [Server thread/INFO]: [Geyser-Spigot] Loading Geyser version 2.7.1-b834 (git-master-7c47459)
[00:24:29] [Server thread/INFO]: [Geyser-Spigot] 
[00:24:29] [Server thread/INFO]: [Geyser-Spigot] ******************************************
[00:24:34] [Server thread/INFO]: [Geyser-Spigot] Started Geyser on UDP port 4196
[00:24:34] [Server thread/INFO]: [Geyser-Spigot] Done (5.527s)! Run /geyser help for help!
[00:24:34] [Server thread/WARN]: [Geyser-Spigot] Your server software does not support the Java version that Geyser requires (1.21.5). Please install ViaVersion (https://ci.viaversion.com/job/ViaVersion/) or update your server software!
[00:24:34] [Server thread/INFO]: Done preparing level "world" (10.941s)
[00:24:34] [Server thread/INFO]: Running delayed init tasks
[00:24:34] [Server thread/INFO]: Done (31.160s)! For help, type "help"
[00:25:06] [Server thread/INFO]: Stopping the server
[00:25:07] [Server thread/INFO]: Stopping server
[00:25:07] [Server thread/INFO]: [Geyser-Spigot] Disabling Geyser-Spigot v2.7.1-SNAPSHOT
[00:25:07] [Server thread/INFO]: [Geyser-Spigot] Shutting down Geyser.
[00:25:07] [Server thread/INFO]: [Geyser-Spigot] Geyser shutdown successfully.
[00:25:07] [Server thread/INFO]: [floodgate] Disabling floodgate v2.2.4-SNAPSHOT (b116-0e3163c)
[00:25:07] [Server thread/INFO]: Saving players
[00:25:07] [Server thread/INFO]: Saving worlds
[00:25:07] [Server thread/INFO]: Saving chunks for level 'ServerLevel[world]'/minecraft:overworld
[00:25:07] [Server thread/INFO]: [ChunkHolderManager] Waiting 60s for chunk system to halt for world 'world'
[00:25:07] [Server thread/INFO]: [ChunkHolderManager] Halted chunk system for world 'world'
[00:25:07] [Server thread/INFO]: [ChunkHolderManager] Saving all chunkholders for world 'world'
[00:25:07] [WebSocketConnectReadThread-72/INFO]: [Geyser-Spigot] The skin uploader has been closed
[00:25:07] [Server thread/INFO]: [ChunkHolderManager] Saved 49 block chunks, 49 entity chunks, 0 poi chunks in world 'world' in 0.56s
[00:25:07] [Server thread/INFO]: [ChunkHolderManager] Waiting 60s for chunk I/O to halt for world 'world'
[00:25:07] [Server thread/INFO]: [ChunkHolderManager] Halted I/O scheduler for world 'world'
[00:25:07] [Server thread/INFO]: Saving chunks for level 'ServerLevel[world_nether]'/minecraft:the_nether
[00:25:07] [Server thread/INFO]: [ChunkHolderManager] Waiting 60s for chunk system to halt for world 'world_nether'
[00:25:07] [Server thread/INFO]: [ChunkHolderManager] Halted chunk system for world 'world_nether'
[00:25:07] [Server thread/INFO]: [ChunkHolderManager] Saving all chunkholders for world 'world_nether'
[00:25:08] [Server thread/INFO]: [ChunkHolderManager] Saved 49 block chunks, 49 entity chunks, 0 poi chunks in world 'world_nether' in 0.29s
[00:25:08] [Server thread/INFO]: [ChunkHolderManager] Waiting 60s for chunk I/O to halt for world 'world_nether'
[00:25:08] [Server thread/INFO]: [ChunkHolderManager] Halted I/O scheduler for world 'world_nether'
[00:25:08] [Server thread/INFO]: Saving chunks for level 'ServerLevel[world_the_end]'/minecraft:the_end
[00:25:08] [Server thread/INFO]: [ChunkHolderManager] Waiting 60s for chunk system to halt for world 'world_the_end'
[00:25:08] [Server thread/INFO]: [ChunkHolderManager] Halted chunk system for world 'world_the_end'
[00:25:08] [Server thread/INFO]: [ChunkHolderManager] Saving all chunkholders for world 'world_the_end'
[00:25:08] [Server thread/INFO]: [ChunkHolderManager] Saved 49 block chunks, 49 entity chunks, 0 poi chunks in world 'world_the_end' in 0.14s
[00:25:08] [Server thread/INFO]: [ChunkHolderManager] Waiting 60s for chunk I/O to halt for world 'world_the_end'
[00:25:08] [Server thread/INFO]: [ChunkHolderManager] Halted I/O scheduler for world 'world_the_end'
[00:25:08] [Server thread/INFO]: ThreadedAnvilChunkStorage (world): All chunks are saved
[00:25:08] [Server thread/INFO]: ThreadedAnvilChunkStorage (DIM-1): All chunks are saved
[00:25:08] [Server thread/INFO]: ThreadedAnvilChunkStorage (DIM1): All chunks are saved
[00:25:08] [Server thread/INFO]: ThreadedAnvilChunkStorage: All dimensions are saved
[00:25:08] [Server thread/INFO]: Waiting for I/O tasks to complete...
[00:25:08] [Server thread/INFO]: All I/O tasks to complete
[00:25:08] [Server thread/INFO]: [MoonriseCommon] Awaiting termination of worker pool for up to 60s...
[00:25:08] [Server thread/INFO]: [MoonriseCommon] Awaiting termination of I/O pool for up to 60s...
